\BOOKMARK [1][-]{section.1}{Analytical Results for Ordinary Fractional Differential Equations}{}% 1
\BOOKMARK [2][-]{subsection.1.1}{Solution to a linear intial value problem via Laplace transforms}{section.1}% 2
\BOOKMARK [2][-]{subsection.1.2}{Solution to a multi-order initial value problem via Laplace transforms}{section.1}% 3
\BOOKMARK [2][-]{subsection.1.3}{Existence and uniquness of solutions to initial value problems}{section.1}% 4
\BOOKMARK [1][-]{section.2}{Numerical Methods for Fractional Differential Equations}{}% 5
\BOOKMARK [2][-]{subsection.2.1}{Approximations of Fractional Derivatives and Integrals}{section.2}% 6
\BOOKMARK [3][-]{subsubsection.2.1.1}{Gr\374nwald-Letnikov Approximation}{subsection.2.1}% 7
\BOOKMARK [3][-]{subsubsection.2.1.2}{Quadrature Approximation}{subsection.2.1}% 8
\BOOKMARK [3][-]{subsubsection.2.1.3}{An Initial Value Problem}{subsection.2.1}% 9
\BOOKMARK [3][-]{subsubsection.2.1.4}{The Adams Moulton Bashforth Scheme}{subsection.2.1}% 10
\BOOKMARK [3][-]{subsubsection.2.1.5}{Parallelizing: A Task Based Approach}{subsection.2.1}% 11
\BOOKMARK [3][-]{subsubsection.2.1.6}{Analysis of the Performance of the Scheme in C\043 and MONO}{subsection.2.1}% 12
\BOOKMARK [3][-]{subsubsection.2.1.7}{Parallelizing: A CUDA Approach}{subsection.2.1}% 13
\BOOKMARK [1][-]{section.3}{Appendix A: Adams-Moulton-Bashforth FDE Solver Code}{}% 14
\BOOKMARK [2][-]{subsection.3.1}{C\043 Implementation of AMB FDE Solver}{section.3}% 15
\BOOKMARK [3][-]{subsubsection.3.1.1}{Program.cs}{subsection.3.1}% 16
\BOOKMARK [3][-]{subsubsection.3.1.2}{SpecialFunctions.cs}{subsection.3.1}% 17
\BOOKMARK [2][-]{subsection.3.2}{CUDA C/C++ Implementation of AMB FDE Solver}{section.3}% 18
\BOOKMARK [3][-]{subsubsection.3.2.1}{FDE\137Solver.cu}{subsection.3.2}% 19
\BOOKMARK [1][-]{section.4}{Appendix B}{}% 20
\BOOKMARK [2][-]{subsection.4.1}{Runtimes for C\043 implementation described in section 2.1.4}{section.4}% 21
\BOOKMARK [2][-]{subsection.4.2}{Runtimes for CUDA implementation described in section 2.1.7}{section.4}% 22
